Using pre-set license
Built from 'trunk' branch; Version is '2021.2.0a10 (b8c2bb7e8b36) revision 12108475'; Using compiler version '192829333'; Build Type 'Release'
OS: 'Windows 10 Pro; OS build 19041.1165; Version 2004; 64bit' Language: 'ru' Physical Memory: 16264 MB
BatchMode: 1, IsHumanControllingUs: 0, StartBugReporterOnCrash: 0, Is64bit: 1, IsPro: 0

 COMMAND LINE ARGUMENTS:
D:\Program Files\Unity Versions\2021.2.0a10\Editor\Unity.exe
-adb2
-batchMode
-noUpm
-name
AssetImportWorker0
-projectPath
D:/UnityProjects/Unprogressed
-logFile
Logs/AssetImportWorker0.log
-srvPort
11394
Successfully changed project path to: D:/UnityProjects/Unprogressed
D:/UnityProjects/Unprogressed
Using Asset Import Pipeline V2.
Refreshing native plugins compatible for Editor in 327.09 ms, found 0 plugins.
Preloading 0 native plugins for Editor in 0.00 ms.
Initialize engine version: 2021.2.0a10 (b8c2bb7e8b36)
[Subsystems] Discovering subsystems at path D:/Program Files/Unity Versions/2021.2.0a10/Editor/Data/Resources/UnitySubsystems
[Subsystems] Discovering subsystems at path D:/UnityProjects/Unprogressed/Assets
GfxDevice: creating device client; threaded=0; jobified=0
Direct3D:
    Version:  Direct3D 11.0 [level 11.1]
    Renderer: NVIDIA GeForce GTX 1050 (ID=0x1c8d)
    Vendor:   NVIDIA
    VRAM:     4021 MB
    Driver:   27.21.14.6677
Initialize mono
Mono path[0] = 'D:/Program Files/Unity Versions/2021.2.0a10/Editor/Data/Managed'
Mono path[1] = 'D:/Program Files/Unity Versions/2021.2.0a10/Editor/Data/MonoBleedingEdge/lib/mono/unityjit'
Mono config path = 'D:/Program Files/Unity Versions/2021.2.0a10/Editor/Data/MonoBleedingEdge/etc'
Using monoOptions --debugger-agent=transport=dt_socket,embedding=1,server=y,suspend=n,address=127.0.0.1:56928
Begin MonoManager ReloadAssembly
Registering precompiled unity dll's ...
Register platform support module: D:/Program Files/Unity Versions/2021.2.0a10/Editor/Data/PlaybackEngines/WindowsStandaloneSupport/UnityEditor.WindowsStandalone.Extensions.dll
Registered in 0.154933 seconds.
Native extension for WindowsStandalone target not found
Refreshing native plugins compatible for Editor in 69.69 ms, found 0 plugins.
Preloading 0 native plugins for Editor in 0.00 ms.
Mono: successfully reloaded assembly
- Completed reload, in  4.407 seconds
Platform modules already initialized, skipping
Registering precompiled user dll's ...
Registered in 0.061625 seconds.
